Fri Sep 29 10:58:00 EDT 2017
Deleting com.spotify.client folder
Deleting PersistentCache folder
Done!
Mon Oct 2 10:58:01 EDT 2017
Deleting com.spotify.client folder
Deleting PersistentCache folder
Done!
Tue Oct 3 10:58:01 EDT 2017
Deleting com.spotify.client folder
Deleting PersistentCache folder
Done!
Wed Oct 4 10:58:00 EDT 2017
Deleting com.spotify.client folder
Deleting PersistentCache folder
Done!
Thu Oct 5 10:58:00 EDT 2017
Deleting com.spotify.client folder
Deleting PersistentCache folder
Done!
Fri Oct 6 10:58:00 EDT 2017
Deleting com.spotify.client folder
Deleting PersistentCache folder
Done!
Tue Oct 10 10:58:00 EDT 2017
Deleting com.spotify.client folder
Deleting PersistentCache folder
Done!
Mon Oct 16 10:58:01 EDT 2017
Deleting com.spotify.client folder
Deleting PersistentCache folder
Done!
Tue Oct 17 10:58:00 EDT 2017
Deleting com.spotify.client folder
Deleting PersistentCache folder
Done!
Wed Oct 18 10:58:00 EDT 2017
Deleting com.spotify.client folder
Deleting PersistentCache folder
Done!
Thu Oct 19 10:58:00 EDT 2017
Deleting com.spotify.client folder
Deleting PersistentCache folder
Done!
Fri Oct 20 10:58:00 EDT 2017
Deleting com.spotify.client folder
Deleting PersistentCache folder
Done!
Mon Oct 23 10:58:00 EDT 2017
Deleting com.spotify.client folder
Deleting PersistentCache folder
Done!
Tue Oct 24 10:58:01 EDT 2017
Deleting com.spotify.client folder
Deleting PersistentCache folder
Done!
Wed Oct 25 10:58:00 EDT 2017
Deleting com.spotify.client folder
Deleting PersistentCache folder
Done!
Thu Oct 26 10:58:00 EDT 2017
Deleting com.spotify.client folder
Deleting PersistentCache folder
Done!
Fri Oct 27 10:58:00 EDT 2017
Deleting com.spotify.client folder
Deleting PersistentCache folder
Done!
Mon Oct 30 10:58:00 EDT 2017
Deleting com.spotify.client folder
Deleting PersistentCache folder
Done!
Tue Oct 31 10:58:00 EDT 2017
Deleting com.spotify.client folder
Deleting PersistentCache folder
Done!
Wed Nov 1 10:58:00 EDT 2017
Deleting com.spotify.client folder
Deleting PersistentCache folder
Done!
Thu Nov 2 10:58:00 EDT 2017
Deleting com.spotify.client folder
Deleting PersistentCache folder
Done!
Fri Nov 3 10:58:01 EDT 2017
Deleting com.spotify.client folder
Deleting PersistentCache folder
Done!
Mon Nov 6 10:58:00 EST 2017
Deleting com.spotify.client folder
Deleting PersistentCache folder
Done!
Tue Nov 7 10:58:00 EST 2017
Deleting com.spotify.client folder
Deleting PersistentCache folder
Done!
Wed Nov 8 10:58:00 EST 2017
Deleting com.spotify.client folder
Deleting PersistentCache folder
Done!
Thu Nov 9 10:58:00 EST 2017
Deleting com.spotify.client folder
Deleting PersistentCache folder
Done!
